[Licensing::Module] Trying to connect to existing licensing client channel...
Built from '6000.2/respin/6000.2.6f2-cc51a95c03' branch; Version is '6000.2.6f2 (4a4dcaec6541) revision 4869578'; Using compiler version '194234433'; Build Type 'Release'
[Licensing::IpcConnector] Successfully connected to: "LicenseClient-YiannaPeek" at "2025-11-19T13:08:08.8641637Z"
OS: 'Windows 11  (10.0.26100) 64bit Professional' Language: 'en' Physical Memory: 7876 MB
BatchMode: 1, IsHumanControllingUs: 0, StartBugReporterOnCrash: 0, Is64bit: 1
Date: 2025-11-19T13:08:08Z

COMMAND LINE ARGUMENTS:
C:\Program Files\Unity\Hub\Editor\6000.2.6f2-x86_64\Editor\Unity.exe
-adb2
-batchMode
-noUpm
-name
AssetImportWorker0
-projectPath
C:/Users/YiannaPeek/Documents/Top-Down-Adventure/Top-Down-Adventure/Top Down Adventure
-logFile
Logs/AssetImportWorker0.log
-srvPort
59259
-licensingIpc
LicenseClient-YiannaPeek
-job-worker-count
5
-background-job-worker-count
8
-gc-helper-count
1
-name
AssetImport
Successfully changed project path to: C:/Users/YiannaPeek/Documents/Top-Down-Adventure/Top-Down-Adventure/Top Down Adventure
C:/Users/YiannaPeek/Documents/Top-Down-Adventure/Top-Down-Adventure/Top Down Adventure
[UnityMemory] Configuration Parameters - Can be set up in boot.config
    "memorysetup-allocator-temp-initial-block-size-main=262144"
    "memorysetup-allocator-temp-initial-block-size-worker=262144"
    "memorysetup-bucket-allocator-granularity=16"
    "memorysetup-bucket-allocator-bucket-count=8"
    "memorysetup-bucket-allocator-block-size=33554432"
    "memorysetup-bucket-allocator-block-count=8"
    "memorysetup-main-allocator-block-size=16777216"
    "memorysetup-thread-allocator-block-size=16777216"
    "memorysetup-gfx-main-allocator-block-size=16777216"
    "memorysetup-gfx-thread-allocator-block-size=16777216"
    "memorysetup-cache-allocator-block-size=4194304"
    "memorysetup-typetree-allocator-block-size=2097152"
    "memorysetup-profiler-bucket-allocator-granularity=16"
    "memorysetup-profiler-bucket-allocator-bucket-count=8"
    "memorysetup-profiler-bucket-allocator-block-size=33554432"
    "memorysetup-profiler-bucket-allocator-block-count=8"
    "memorysetup-profiler-allocator-block-size=16777216"
    "memorysetup-profiler-editor-allocator-block-size=1048576"
    "memorysetup-temp-allocator-size-main=16777216"
    "memorysetup-job-temp-allocator-block-size=2097152"
    "memorysetup-job-temp-allocator-block-size-background=1048576"
    "memorysetup-job-temp-allocator-reduction-small-platforms=262144"
    "memorysetup-temp-allocator-size-background-worker=32768"
    "memorysetup-temp-allocator-size-job-worker=262144"
    "memorysetup-temp-allocator-size-preload-manager=33554432"
    "memorysetup-temp-allocator-size-nav-mesh-worker=65536"
    "memorysetup-temp-allocator-size-audio-worker=65536"
    "memorysetup-temp-allocator-size-cloud-worker=32768"
    "memorysetup-temp-allocator-size-gi-baking-worker=262144"
    "memorysetup-temp-allocator-size-gi-baking-worker=262144"
    "memorysetup-temp-allocator-size-gi-baking-worker=262144"
    "memorysetup-temp-allocator-size-gi-baking-worker=262144"
    "memorysetup-temp-allocator-size-gi-baking-worker=262144"
    "memorysetup-temp-allocator-size-gfx=262144"
Player connection [19792]  Target information:

Player connection [19792]  * "[IP] 10.220.27.31 [Port] 0 [Flags] 2 [Guid] 193701419 [EditorId] 193701419 [Version] 1048832 [Id] WindowsEditor(7,UAC-LS-DDY39Y3) [Debug] 1 [PackageName] WindowsEditor [ProjectName] Editor" 

Player connection [19792] Host joined multi-casting on [225.0.0.222:54997]...
Player connection [19792] Host joined alternative multi-casting on [225.0.0.222:34997]...
JobSystem: Creating JobQueue using job-worker-count value 5
Input System module state changed to: Initialized.
[Physics::Module] Initialized fallback backend.
[Physics::Module] Id: 0xdecafbad
Library Redirect Path: Library/
[Licensing::Client] Code 10 while verifying Licensing Client signature (process Id: 4276, path: "C:/Program Files/Unity Hub/UnityLicensingClient_V1/Unity.Licensing.Client.exe")
[Licensing::Module] LicensingClient has failed validation; ignoring
[Licensing::Client] Handshaking with LicensingClient:
  Version:                 1.17.3+a4e98f1
  Session Id:              7164d787bf804e9faa83e6a1e46a54a3
  Correlation Id:          b5e04b066b6aa120254ab059087f2169
  External correlation Id: 3334867400395718761
  Machine Id:              8FhVycr451UovtAHKzByRQI+spo=
[Licensing::Module] Successfully connected to LicensingClient on channel: "LicenseClient-YiannaPeek" (connect: 0.00s, validation: 0.02s, handshake: 0.87s)
[Licensing::IpcConnector] Successfully connected to: "LicenseClient-YiannaPeek-notifications" at "2025-11-19T13:08:09.7529545Z"
[Licensing::Module] Licensing Background thread has ended after 0.89s
[Physics::Module] Selected backend.
[Physics::Module] Name: PhysX
[Physics::Module] Id: 0xf2b8ea05
[Physics::Module] SDK Version: 4.1.2
[Physics::Module] Integration Version: 1.0.0
[Physics::Module] Threading Mode: Multi-Threaded
Refreshing native plugins compatible for Editor in 697.60 ms, found 4 plugins.
Preloading 0 native plugins for Editor in 0.00 ms.
Initialize engine version: 6000.2.6f2 (4a4dcaec6541)
[Subsystems] Discovering subsystems at path C:/Program Files/Unity/Hub/Editor/6000.2.6f2-x86_64/Editor/Data/Resources/UnitySubsystems
[Subsystems] Discovering subsystems at path C:/Users/YiannaPeek/Documents/Top-Down-Adventure/Top-Down-Adventure/Top Down Adventure/Assets
GfxDevice: creating device client; kGfxThreadingModeNonThreaded
d3d12: failed to query info queue interface (0x80004002).
Direct3D:
    Version:         Direct3D 12 [level 12.1]
    Renderer:        Intel(R) UHD Graphics (ID=0xa721)
    Vendor:          Intel
    VRAM:            3938 MB
    App VRAM Budget: 3544 MB
    Driver:          31.0.101.5522
    Unified Memory Architecture
    Cache Coherent UMA
Initialize mono
Mono path[0] = 'C:/Program Files/Unity/Hub/Editor/6000.2.6f2-x86_64/Editor/Data/Managed'
Mono path[1] = 'C:/Program Files/Unity/Hub/Editor/6000.2.6f2-x86_64/Editor/Data/MonoBleedingEdge/lib/mono/unityjit-win32'
Mono config path = 'C:/Program Files/Unity/Hub/Editor/6000.2.6f2-x86_64/Editor/Data/MonoBleedingEdge/etc'
Using monoOptions --debugger-agent=transport=dt_socket,embedding=1,server=y,suspend=n,address=127.0.0.1:56276
Begin MonoManager ReloadAssembly
Registering precompiled unity dll's ...
Register platform support module: C:/Program Files/Unity/Hub/Editor/6000.2.6f2-x86_64/Editor/Data/PlaybackEngines/WebGLSupport/UnityEditor.WebGL.Extensions.dll
Register platform support module: C:/Program Files/Unity/Hub/Editor/6000.2.6f2-x86_64/Editor/Data/PlaybackEngines/WindowsStandaloneSupport/UnityEditor.WindowsStandalone.Extensions.dll
Registered in 0.008648 seconds.
- Loaded All Assemblies, in  7.259 seconds
Native extension for WindowsStandalone target not found
Native extension for WebGL target not found
Mono: successfully reloaded assembly
- Finished resetting the current domain, in  0.766 seconds
Domain Reload Profiling: 8019ms
	BeginReloadAssembly (1161ms)
		ExecutionOrderSort (0ms)
		DisableScriptedObjects (0ms)
		BackupInstance (0ms)
		ReleaseScriptingObjects (0ms)
		CreateAndSetChildDomain (2ms)
	RebuildCommonClasses (1244ms)
	RebuildNativeTypeToScriptingClass (33ms)
	initialDomainReloadingComplete (138ms)
	LoadAllAssembliesAndSetupDomain (4677ms)
		LoadAssemblies (1145ms)
		RebuildTransferFunctionScriptingTraits (0ms)
		AnalyzeDomain (4671ms)
			TypeCache.Refresh (4664ms)
				TypeCache.ScanAssembly (3664ms)
			BuildScriptInfoCaches (0ms)
			ResolveRequiredComponents (4ms)
	FinalizeReload (767ms)
		ReleaseScriptCaches (0ms)
		RebuildScriptCaches (0ms)
		SetupLoadedEditorAssemblies (672ms)
			LogAssemblyErrors (0ms)
			InitializePlatformSupportModulesInManaged (82ms)
			SetLoadedEditorAssemblies (6ms)
			BeforeProcessingInitializeOnLoad (132ms)
			ProcessInitializeOnLoadAttributes (292ms)
			ProcessInitializeOnLoadMethodAttributes (160ms)
			AfterProcessingInitializeOnLoad (0ms)
			EditorAssembliesLoaded (0ms)
		ExecutionOrderSort2 (0ms)
		AwakeInstancesAfterBackupRestoration (0ms)
========================================================================
Worker process is ready to serve import requests
Import Worker Mode flag is 0x00
Begin MonoManager ReloadAssembly
[Licensing::Client] Successfully resolved entitlement details
[Licensing::Module] License group:
  Id: 2475891096763-UnityPersXXXX
  Product: Unity Personal
  Type: Assigned
  Expiration: Unlimited
- Loaded All Assemblies, in  5.465 seconds
Refreshing native plugins compatible for Editor in 2.67 ms, found 4 plugins.
Native extension for WindowsStandalone target not found
Native extension for WebGL target not found
Package Manager log level set to [2]
[Package Manager] Failed to launch server process. Reason: Unity was launched with the -noUpm command-line argument
[Package Manager] Unable to send message (not connected to server process).
[Package Manager] Cannot connect to Unity Package Manager local server
Mono: successfully reloaded assembly
- Finished resetting the current domain, in  4.666 seconds
Domain Reload Profiling: 10127ms
	BeginReloadAssembly (331ms)
		ExecutionOrderSort (0ms)
		DisableScriptedObjects (16ms)
		BackupInstance (0ms)
		ReleaseScriptingObjects (0ms)
		CreateAndSetChildDomain (44ms)
	RebuildCommonClasses (58ms)
	RebuildNativeTypeToScriptingClass (19ms)
	initialDomainReloadingComplete (63ms)
	LoadAllAssembliesAndSetupDomain (4989ms)
		LoadAssemblies (4687ms)
		RebuildTransferFunctionScriptingTraits (0ms)
		AnalyzeDomain (479ms)
			TypeCache.Refresh (326ms)
				TypeCache.ScanAssembly (300ms)
			BuildScriptInfoCaches (122ms)
			ResolveRequiredComponents (24ms)
	FinalizeReload (4667ms)
		ReleaseScriptCaches (0ms)
		RebuildScriptCaches (0ms)
		SetupLoadedEditorAssemblies (2847ms)
			LogAssemblyErrors (0ms)
			InitializePlatformSupportModulesInManaged (8ms)
			SetLoadedEditorAssemblies (17ms)
			BeforeProcessingInitializeOnLoad (317ms)
			ProcessInitializeOnLoadAttributes (748ms)
			ProcessInitializeOnLoadMethodAttributes (1751ms)
			AfterProcessingInitializeOnLoad (6ms)
			EditorAssembliesLoaded (0ms)
		ExecutionOrderSort2 (0ms)
		AwakeInstancesAfterBackupRestoration (11ms)
Launched and connected shader compiler UnityShaderCompiler.exe after 0.15 seconds
Refreshing native plugins compatible for Editor in 2.77 ms, found 4 plugins.
Preloading 0 native plugins for Editor in 0.00 ms.
Unloading 37 Unused Serialized files (Serialized files now loaded: 0)
Unloading 6788 unused Assets / (4.7 MB). Loaded Objects now: 7455.
Memory consumption went from 146.0 MB to 141.3 MB.
Total: 25.671600 ms (FindLiveObjects: 1.949600 ms CreateObjectMapping: 0.719500 ms MarkObjects: 16.720900 ms  DeleteObjects: 6.277100 ms)

========================================================================
Received Import Request.
  Time since last request: 176011.250052 seconds.
  path: Assets/Art/WalkDown.anim
  artifactKey: Guid(6e6fe472b3bf6f643938ac1021cdf03c) Importer(815301076,1909f56bfc062723c751e8b465ee728b)
Start importing Assets/Art/WalkDown.anim using Guid(6e6fe472b3bf6f643938ac1021cdf03c) Importer(815301076,1909f56bfc062723c751e8b465ee728b) (PreviewImporter) -> (artifact id: 'b200e1388a1d0c61eb562ec66827c7d9') in 0.221111 seconds
Number of updated asset objects reloaded before import = 0Number of asset objects unloaded after import = 1

========================================================================
Received Import Request.
  Time since last request: 2515.402803 seconds.
  path: Assets/Art/WalkLeft.anim
  artifactKey: Guid(fbce9dd25eb73274a8aeb13be4c348f4) Importer(2089858483,192608db42251d675da83286b1cce702)
Start importing Assets/Art/WalkLeft.anim using Guid(fbce9dd25eb73274a8aeb13be4c348f4) Importer(2089858483,192608db42251d675da83286b1cce702) (ScriptedImporter) -> (artifact id: '22b6baf34fd30ebd1ebdc2e24f18f548') in 3.4703153 seconds
Number of updated asset objects reloaded before import = 0Number of asset objects unloaded after import = 1

========================================================================
Received Import Request.
  Time since last request: 0.001310 seconds.
  path: Assets/Art/IdleUp.anim
  artifactKey: Guid(1f34dbd480befa1449547991636a38c9) Importer(2089858483,192608db42251d675da83286b1cce702)
Start importing Assets/Art/IdleUp.anim using Guid(1f34dbd480befa1449547991636a38c9) Importer(2089858483,192608db42251d675da83286b1cce702) (ScriptedImporter) -> (artifact id: 'bd036e9920d8486c771a70c59bd8d0c6') in 0.0579305 seconds
Number of updated asset objects reloaded before import = 0Number of asset objects unloaded after import = 1

========================================================================
Received Import Request.
  Time since last request: 0.000061 seconds.
  path: Assets/Art/IdleLeft.anim
  artifactKey: Guid(eb93857cb07078d459e9e65086a9b9e5) Importer(2089858483,192608db42251d675da83286b1cce702)
Start importing Assets/Art/IdleLeft.anim using Guid(eb93857cb07078d459e9e65086a9b9e5) Importer(2089858483,192608db42251d675da83286b1cce702) (ScriptedImporter) -> (artifact id: '900a59c3e2a1ee2cca88440afa47def7') in 0.0545155 seconds
Number of updated asset objects reloaded before import = 0Number of asset objects unloaded after import = 1

========================================================================
Received Import Request.
  Time since last request: 0.000044 seconds.
  path: Assets/Art/IdleRight.anim
  artifactKey: Guid(728c31fb145af0f44931c270a94b8f63) Importer(2089858483,192608db42251d675da83286b1cce702)
Start importing Assets/Art/IdleRight.anim using Guid(728c31fb145af0f44931c270a94b8f63) Importer(2089858483,192608db42251d675da83286b1cce702) (ScriptedImporter) -> (artifact id: 'c6a84aa97b0b5da18ed7f8598f5eeb28') in 0.0586567 seconds
Number of updated asset objects reloaded before import = 0Number of asset objects unloaded after import = 1

========================================================================
Received Import Request.
  Time since last request: 0.000054 seconds.
  path: Assets/Art/IdleDown.anim
  artifactKey: Guid(ff928fba8e3e8e940a59e59e2fdf79b2) Importer(2089858483,192608db42251d675da83286b1cce702)
Start importing Assets/Art/IdleDown.anim using Guid(ff928fba8e3e8e940a59e59e2fdf79b2) Importer(2089858483,192608db42251d675da83286b1cce702) (ScriptedImporter) -> (artifact id: 'e1df32ae7197b22b69d04b258b1c5b95') in 0.063368 seconds
Number of updated asset objects reloaded before import = 0Number of asset objects unloaded after import = 1

========================================================================
Received Import Request.
  Time since last request: 3.326005 seconds.
  path: Assets/Scripts/PlayerMovement.cs
  artifactKey: Guid(4e3272c633a5b1d488777210ef78c783) Importer(815301076,1909f56bfc062723c751e8b465ee728b)
Start importing Assets/Scripts/PlayerMovement.cs using Guid(4e3272c633a5b1d488777210ef78c783) Importer(815301076,1909f56bfc062723c751e8b465ee728b) (PreviewImporter) -> (artifact id: '0092b41e38eefa709fe1d3b26f408833') in 0.0102179 seconds
Number of updated asset objects reloaded before import = 0Number of asset objects unloaded after import = 0

========================================================================
Received Import Request.
  Time since last request: 42.819688 seconds.
  path: Assets/Art/IdleUp.anim
  artifactKey: Guid(1f34dbd480befa1449547991636a38c9) Importer(2089858483,192608db42251d675da83286b1cce702)
Start importing Assets/Art/IdleUp.anim using Guid(1f34dbd480befa1449547991636a38c9) Importer(2089858483,192608db42251d675da83286b1cce702) (ScriptedImporter) -> (artifact id: 'b43bcb6b4fc6c31befa48fb5145d5774') in 0.2076031 seconds
Number of updated asset objects reloaded before import = 0Number of asset objects unloaded after import = 1

========================================================================
Received Import Request.
  Time since last request: 0.000312 seconds.
  path: Assets/Art/WalkLeft.anim
  artifactKey: Guid(fbce9dd25eb73274a8aeb13be4c348f4) Importer(2089858483,192608db42251d675da83286b1cce702)
Start importing Assets/Art/WalkLeft.anim using Guid(fbce9dd25eb73274a8aeb13be4c348f4) Importer(2089858483,192608db42251d675da83286b1cce702) (ScriptedImporter) -> (artifact id: '94211c0395e4231a9b92057aef361f0b') in 0.0440566 seconds
Number of updated asset objects reloaded before import = 0Number of asset objects unloaded after import = 1

========================================================================
Received Import Request.
  Time since last request: 0.000065 seconds.
  path: Assets/Art/IdleLeft.anim
  artifactKey: Guid(eb93857cb07078d459e9e65086a9b9e5) Importer(2089858483,192608db42251d675da83286b1cce702)
Start importing Assets/Art/IdleLeft.anim using Guid(eb93857cb07078d459e9e65086a9b9e5) Importer(2089858483,192608db42251d675da83286b1cce702) (ScriptedImporter) -> (artifact id: 'dff22eb2f267c5515373fd5c6b3ef6ed') in 0.0566712 seconds
Number of updated asset objects reloaded before import = 0Number of asset objects unloaded after import = 1

========================================================================
Received Import Request.
  Time since last request: 0.000067 seconds.
  path: Assets/Art/IdleDown.anim
  artifactKey: Guid(ff928fba8e3e8e940a59e59e2fdf79b2) Importer(2089858483,192608db42251d675da83286b1cce702)
Start importing Assets/Art/IdleDown.anim using Guid(ff928fba8e3e8e940a59e59e2fdf79b2) Importer(2089858483,192608db42251d675da83286b1cce702) (ScriptedImporter) -> (artifact id: 'c20624dcbf9db924be445f017eb5882c') in 0.0783762 seconds
Number of updated asset objects reloaded before import = 0Number of asset objects unloaded after import = 1

========================================================================
Received Prepare
Begin MonoManager ReloadAssembly
[Licensing::Client] Successfully resolved entitlement details
- Loaded All Assemblies, in  8.255 seconds
Refreshing native plugins compatible for Editor in 5.76 ms, found 4 plugins.
Native extension for WindowsStandalone target not found
Native extension for WebGL target not found
[Package Manager] Failed to launch server process. Reason: Unity was launched with the -noUpm command-line argument
[Package Manager] Unable to send message (not connected to server process).
[Package Manager] Cannot connect to Unity Package Manager local server
Mono: successfully reloaded assembly
- Finished resetting the current domain, in  2.200 seconds
Domain Reload Profiling: 10483ms
	BeginReloadAssembly (4432ms)
		ExecutionOrderSort (8ms)
		DisableScriptedObjects (705ms)
		BackupInstance (0ms)
		ReleaseScriptingObjects (9ms)
		CreateAndSetChildDomain (2327ms)
	RebuildCommonClasses (101ms)
	RebuildNativeTypeToScriptingClass (26ms)
	initialDomainReloadingComplete (124ms)
	LoadAllAssembliesAndSetupDomain (3598ms)
		LoadAssemblies (2955ms)
		RebuildTransferFunctionScriptingTraits (0ms)
		AnalyzeDomain (1246ms)
			TypeCache.Refresh (148ms)
				TypeCache.ScanAssembly (1ms)
			BuildScriptInfoCaches (1018ms)
			ResolveRequiredComponents (35ms)
	FinalizeReload (2202ms)
		ReleaseScriptCaches (0ms)
		RebuildScriptCaches (0ms)
		SetupLoadedEditorAssemblies (1792ms)
			LogAssemblyErrors (0ms)
			InitializePlatformSupportModulesInManaged (10ms)
			SetLoadedEditorAssemblies (14ms)
			BeforeProcessingInitializeOnLoad (430ms)
			ProcessInitializeOnLoadAttributes (1118ms)
			ProcessInitializeOnLoadMethodAttributes (209ms)
			AfterProcessingInitializeOnLoad (7ms)
			EditorAssembliesLoaded (2ms)
		ExecutionOrderSort2 (0ms)
		AwakeInstancesAfterBackupRestoration (36ms)
Refreshing native plugins compatible for Editor in 8.25 ms, found 4 plugins.
Preloading 0 native plugins for Editor in 0.00 ms.
Unloading 36 Unused Serialized files (Serialized files now loaded: 0)
Unloading 6786 unused Assets / (6.7 MB). Loaded Objects now: 7462.
Memory consumption went from 149.0 MB to 142.2 MB.
Total: 48.785300 ms (FindLiveObjects: 2.001300 ms CreateObjectMapping: 1.759600 ms MarkObjects: 26.897600 ms  DeleteObjects: 18.119800 ms)

Prepare: number of updated asset objects reloaded= 0
========================================================================
Received Prepare
Begin MonoManager ReloadAssembly
- Loaded All Assemblies, in  1.667 seconds
Refreshing native plugins compatible for Editor in 2.49 ms, found 4 plugins.
Native extension for WindowsStandalone target not found
Native extension for WebGL target not found
[Package Manager] Failed to launch server process. Reason: Unity was launched with the -noUpm command-line argument
[Package Manager] Unable to send message (not connected to server process).
[Package Manager] Cannot connect to Unity Package Manager local server
Mono: successfully reloaded assembly
- Finished resetting the current domain, in  1.937 seconds
Domain Reload Profiling: 3610ms
	BeginReloadAssembly (424ms)
		ExecutionOrderSort (0ms)
		DisableScriptedObjects (27ms)
		BackupInstance (0ms)
		ReleaseScriptingObjects (0ms)
		CreateAndSetChildDomain (104ms)
	RebuildCommonClasses (74ms)
	RebuildNativeTypeToScriptingClass (18ms)
	initialDomainReloadingComplete (56ms)
	LoadAllAssembliesAndSetupDomain (1098ms)
		LoadAssemblies (882ms)
		RebuildTransferFunctionScriptingTraits (0ms)
		AnalyzeDomain (403ms)
			TypeCache.Refresh (9ms)
				TypeCache.ScanAssembly (0ms)
			BuildScriptInfoCaches (359ms)
			ResolveRequiredComponents (27ms)
	FinalizeReload (1940ms)
		ReleaseScriptCaches (0ms)
		RebuildScriptCaches (0ms)
		SetupLoadedEditorAssemblies (1624ms)
			LogAssemblyErrors (0ms)
			InitializePlatformSupportModulesInManaged (7ms)
			SetLoadedEditorAssemblies (16ms)
			BeforeProcessingInitializeOnLoad (431ms)
			ProcessInitializeOnLoadAttributes (1019ms)
			ProcessInitializeOnLoadMethodAttributes (142ms)
			AfterProcessingInitializeOnLoad (9ms)
			EditorAssembliesLoaded (1ms)
		ExecutionOrderSort2 (0ms)
		AwakeInstancesAfterBackupRestoration (34ms)
Refreshing native plugins compatible for Editor in 4.74 ms, found 4 plugins.
Preloading 0 native plugins for Editor in 0.00 ms.
Unloading 36 Unused Serialized files (Serialized files now loaded: 0)
Unloading 6786 unused Assets / (7.3 MB). Loaded Objects now: 7465.
Memory consumption went from 150.4 MB to 143.2 MB.
Total: 25.580100 ms (FindLiveObjects: 2.685900 ms CreateObjectMapping: 0.899500 ms MarkObjects: 10.126300 ms  DeleteObjects: 11.859000 ms)

Prepare: number of updated asset objects reloaded= 0
